# JRE version: OpenJDK Runtime Environment (19.0.2+7) (build 19.0.2+7-44)
# Java VM: OpenJDK 64-Bit Server VM (19.0.2+7-44, mixed mode, sharing, tiered, compressed oops, compressed class ptrs, g1 gc, windows-amd64)
GC Precious Log:
 CardTable entry size: 512
 Card Set container configuration: InlinePtr #cards 4 size 8 Array Of Cards #cards 16 size 48 Howl #buckets 8 coarsen threshold 3686 Howl Bitmap #cards 512 size 80 coarsen threshold 460 Card regions per heap region 1 cards per card region 4096
 CPUs: 16 total, 16 available
 Memory: 16163M
 Large Page Support: Disabled
 NUMA Support: Disabled
 Compressed Oops: Enabled (Zero based)
 Heap Region Size: 2M
 Heap Min Capacity: 8M
 Heap Initial Capacity: 254M
 Heap Max Capacity: 4042M
 Pre-touch: Disabled
 Parallel Workers: 13
 Concurrent Workers: 3
 Concurrent Refinement Workers: 13
 Periodic GC: Disabled
Heap:
 garbage-first heap   total 260096K, used 52954K [0x0000000703600000, 0x0000000800000000)
  region size 2048K, 25 young (51200K), 3 survivors (6144K)
 Metaspace       used 7391K, committed 7616K, reserved 1114112K
  class space    used 333K, committed 448K, reserved 1048576K
GC Heap History (10 events):
Event: 1.114 GC heap before
{Heap before GC invocations=0 (full 0):
 garbage-first heap   total 260096K, used 22528K [0x0000000703600000, 0x0000000800000000)
  region size 2048K, 11 young (22528K), 0 survivors (0K)
 Metaspace       used 6589K, committed 6784K, reserved 1114112K
  class space    used 331K, committed 448K, reserved 1048576K
}
Event: 1.120 GC heap after
{Heap after GC invocations=1 (full 0):
 garbage-first heap   total 260096K, used 4612K [0x0000000703600000, 0x0000000800000000)
  region size 2048K, 2 young (4096K), 2 survivors (4096K)
 Metaspace       used 6589K, committed 6784K, reserved 1114112K
  class space    used 331K, committed 448K, reserved 1048576K
}
Event: 2.886 GC heap before
{Heap before GC invocations=1 (full 0):
 garbage-first heap   total 260096K, used 33284K [0x0000000703600000, 0x0000000800000000)
  region size 2048K, 17 young (34816K), 2 survivors (4096K)
 Metaspace       used 6996K, committed 7232K, reserved 1114112K
  class space    used 332K, committed 448K, reserved 1048576K
}
Event: 2.892 GC heap after
{Heap after GC invocations=2 (full 0):
 garbage-first heap   total 260096K, used 9496K [0x0000000703600000, 0x0000000800000000)
  region size 2048K, 3 young (6144K), 3 survivors (6144K)
 Metaspace       used 6996K, committed 7232K, reserved 1114112K
  class space    used 332K, committed 448K, reserved 1048576K
}
Event: 5.986 GC heap before
{Heap before GC invocations=2 (full 0):
 garbage-first heap   total 260096K, used 72984K [0x0000000703600000, 0x0000000800000000)
  region size 2048K, 34 young (69632K), 3 survivors (6144K)
 Metaspace       used 7384K, committed 7616K, reserved 1114112K
  class space    used 332K, committed 448K, reserved 1048576K
}
Event: 5.991 GC heap after
{Heap after GC invocations=3 (full 0):
 garbage-first heap   total 260096K, used 9803K [0x0000000703600000, 0x0000000800000000)
  region size 2048K, 3 young (6144K), 3 survivors (6144K)
 Metaspace       used 7384K, committed 7616K, reserved 1114112K
  class space    used 332K, committed 448K, reserved 1048576K
}
Event: 15.618 GC heap before
{Heap before GC invocations=3 (full 0):
 garbage-first heap   total 260096K, used 159307K [0x0000000703600000, 0x0000000800000000)
  region size 2048K, 76 young (155648K), 3 survivors (6144K)
 Metaspace       used 7387K, committed 7616K, reserved 1114112K
  class space    used 332K, committed 448K, reserved 1048576K
}
Event: 15.624 GC heap after
{Heap after GC invocations=4 (full 0):
 garbage-first heap   total 260096K, used 9786K [0x0000000703600000, 0x0000000800000000)
  region size 2048K, 3 young (6144K), 3 survivors (6144K)
 Metaspace       used 7387K, committed 7616K, reserved 1114112K
  class space    used 332K, committed 448K, reserved 1048576K
}
Event: 27.114 GC heap before
{Heap before GC invocations=4 (full 0):
 garbage-first heap   total 260096K, used 159290K [0x0000000703600000, 0x0000000800000000)
  region size 2048K, 76 young (155648K), 3 survivors (6144K)
 Metaspace       used 7388K, committed 7616K, reserved 1114112K
  class space    used 332K, committed 448K, reserved 1048576K
}
Event: 27.119 GC heap after
{Heap after GC invocations=5 (full 0):
 garbage-first heap   total 260096K, used 9946K [0x0000000703600000, 0x0000000800000000)
  region size 2048K, 3 young (6144K), 3 survivors (6144K)
 Metaspace       used 7388K, committed 7616K, reserved 1114112K
  class space    used 332K, committed 448K, reserved 1048576K
}

