# JRE version: OpenJDK Runtime Environment (19.0.2+7) (build 19.0.2+7-44)
# Java VM: OpenJDK 64-Bit Server VM (19.0.2+7-44, mixed mode, sharing, tiered, compressed oops, compressed class ptrs, g1 gc, windows-amd64)
GC Precious Log:
 CardTable entry size: 512
 Card Set container configuration: InlinePtr #cards 4 size 8 Array Of Cards #cards 16 size 48 Howl #buckets 8 coarsen threshold 3686 Howl Bitmap #cards 512 size 80 coarsen threshold 460 Card regions per heap region 1 cards per card region 4096
 CPUs: 16 total, 16 available
 Memory: 16163M
 Large Page Support: Disabled
 NUMA Support: Disabled
 Compressed Oops: Enabled (Zero based)
 Heap Region Size: 2M
 Heap Min Capacity: 8M
 Heap Initial Capacity: 254M
 Heap Max Capacity: 4042M
 Pre-touch: Disabled
 Parallel Workers: 13
 Concurrent Workers: 3
 Concurrent Refinement Workers: 13
 Periodic GC: Disabled
Heap:
 garbage-first heap   total 270336K, used 173083K [0x0000000703600000, 0x0000000800000000)
  region size 2048K, 12 young (24576K), 1 survivors (2048K)
 Metaspace       used 7547K, committed 7744K, reserved 1114112K
  class space    used 332K, committed 448K, reserved 1048576K
GC Heap History (20 events):
Event: 19.134 GC heap before
{Heap before GC invocations=11 (full 0):
 garbage-first heap   total 270336K, used 168115K [0x0000000703600000, 0x0000000800000000)
  region size 2048K, 6 young (12288K), 1 survivors (2048K)
 Metaspace       used 7544K, committed 7744K, reserved 1114112K
  class space    used 331K, committed 448K, reserved 1048576K
}
Event: 19.136 GC heap after
{Heap after GC invocations=12 (full 0):
 garbage-first heap   total 270336K, used 156070K [0x0000000703600000, 0x0000000800000000)
  region size 2048K, 1 young (2048K), 1 survivors (2048K)
 Metaspace       used 7544K, committed 7744K, reserved 1114112K
  class space    used 331K, committed 448K, reserved 1048576K
}
Event: 22.807 GC heap before
{Heap before GC invocations=12 (full 0):
 garbage-first heap   total 270336K, used 199078K [0x0000000703600000, 0x0000000800000000)
  region size 2048K, 22 young (45056K), 1 survivors (2048K)
 Metaspace       used 7544K, committed 7744K, reserved 1114112K
  class space    used 331K, committed 448K, reserved 1048576K
}
Event: 22.808 GC heap after
{Heap after GC invocations=13 (full 0):
 garbage-first heap   total 270336K, used 156089K [0x0000000703600000, 0x0000000800000000)
  region size 2048K, 1 young (2048K), 1 survivors (2048K)
 Metaspace       used 7544K, committed 7744K, reserved 1114112K
  class space    used 331K, committed 448K, reserved 1048576K
}
Event: 30.388 GC heap before
{Heap before GC invocations=14 (full 0):
 garbage-first heap   total 270336K, used 203193K [0x0000000703600000, 0x0000000800000000)
  region size 2048K, 24 young (49152K), 1 survivors (2048K)
 Metaspace       used 7544K, committed 7744K, reserved 1114112K
  class space    used 331K, committed 448K, reserved 1048576K
}
Event: 30.391 GC heap after
{Heap after GC invocations=15 (full 0):
 garbage-first heap   total 270336K, used 156137K [0x0000000703600000, 0x0000000800000000)
  region size 2048K, 1 young (2048K), 1 survivors (2048K)
 Metaspace       used 7544K, committed 7744K, reserved 1114112K
  class space    used 331K, committed 448K, reserved 1048576K
}
Event: 33.094 GC heap before
{Heap before GC invocations=15 (full 0):
 garbage-first heap   total 270336K, used 166377K [0x0000000703600000, 0x0000000800000000)
  region size 2048K, 6 young (12288K), 1 survivors (2048K)
 Metaspace       used 7544K, committed 7744K, reserved 1114112K
  class space    used 331K, committed 448K, reserved 1048576K
}
Event: 33.097 GC heap after
{Heap after GC invocations=16 (full 0):
 garbage-first heap   total 270336K, used 154435K [0x0000000703600000, 0x0000000800000000)
  region size 2048K, 1 young (2048K), 1 survivors (2048K)
 Metaspace       used 7544K, committed 7744K, reserved 1114112K
  class space    used 331K, committed 448K, reserved 1048576K
}
Event: 44.028 GC heap before
{Heap before GC invocations=16 (full 0):
 garbage-first heap   total 270336K, used 207683K [0x0000000703600000, 0x0000000800000000)
  region size 2048K, 27 young (55296K), 1 survivors (2048K)
 Metaspace       used 7544K, committed 7744K, reserved 1114112K
  class space    used 331K, committed 448K, reserved 1048576K
}
Event: 44.030 GC heap after
{Heap after GC invocations=17 (full 0):
 garbage-first heap   total 270336K, used 154472K [0x0000000703600000, 0x0000000800000000)
  region size 2048K, 1 young (2048K), 1 survivors (2048K)
 Metaspace       used 7544K, committed 7744K, reserved 1114112K
  class space    used 331K, committed 448K, reserved 1048576K
}
Event: 55.849 GC heap before
{Heap before GC invocations=18 (full 0):
 garbage-first heap   total 270336K, used 217960K [0x0000000703600000, 0x0000000800000000)
  region size 2048K, 32 young (65536K), 1 survivors (2048K)
 Metaspace       used 7544K, committed 7744K, reserved 1114112K
  class space    used 331K, committed 448K, reserved 1048576K
}
Event: 55.852 GC heap after
{Heap after GC invocations=19 (full 0):
 garbage-first heap   total 270336K, used 154522K [0x0000000703600000, 0x0000000800000000)
  region size 2048K, 1 young (2048K), 1 survivors (2048K)
 Metaspace       used 7544K, committed 7744K, reserved 1114112K
  class space    used 331K, committed 448K, reserved 1048576K
}
Event: 57.900 GC heap before
{Heap before GC invocations=19 (full 0):
 garbage-first heap   total 270336K, used 164762K [0x0000000703600000, 0x0000000800000000)
  region size 2048K, 6 young (12288K), 1 survivors (2048K)
 Metaspace       used 7544K, committed 7744K, reserved 1114112K
  class space    used 331K, committed 448K, reserved 1048576K
}
Event: 57.903 GC heap after
{Heap after GC invocations=20 (full 0):
 garbage-first heap   total 270336K, used 153293K [0x0000000703600000, 0x0000000800000000)
  region size 2048K, 1 young (2048K), 1 survivors (2048K)
 Metaspace       used 7544K, committed 7744K, reserved 1114112K
  class space    used 331K, committed 448K, reserved 1048576K
}
Event: 70.739 GC heap before
{Heap before GC invocations=20 (full 0):
 garbage-first heap   total 270336K, used 222925K [0x0000000703600000, 0x0000000800000000)
  region size 2048K, 35 young (71680K), 1 survivors (2048K)
 Metaspace       used 7544K, committed 7744K, reserved 1114112K
  class space    used 331K, committed 448K, reserved 1048576K
}
Event: 70.742 GC heap after
{Heap after GC invocations=21 (full 0):
 garbage-first heap   total 270336K, used 153289K [0x0000000703600000, 0x0000000800000000)
  region size 2048K, 1 young (2048K), 1 survivors (2048K)
 Metaspace       used 7544K, committed 7744K, reserved 1114112K
  class space    used 331K, committed 448K, reserved 1048576K
}
Event: 82.638 GC heap before
{Heap before GC invocations=22 (full 0):
 garbage-first heap   total 270336K, used 227017K [0x0000000703600000, 0x0000000800000000)
  region size 2048K, 37 young (75776K), 1 survivors (2048K)
 Metaspace       used 7544K, committed 7744K, reserved 1114112K
  class space    used 331K, committed 448K, reserved 1048576K
}
Event: 82.640 GC heap after
{Heap after GC invocations=23 (full 0):
 garbage-first heap   total 270336K, used 153296K [0x0000000703600000, 0x0000000800000000)
  region size 2048K, 1 young (2048K), 1 survivors (2048K)
 Metaspace       used 7544K, committed 7744K, reserved 1114112K
  class space    used 331K, committed 448K, reserved 1048576K
}
Event: 83.470 GC heap before
{Heap before GC invocations=23 (full 0):
 garbage-first heap   total 270336K, used 163536K [0x0000000703600000, 0x0000000800000000)
  region size 2048K, 6 young (12288K), 1 survivors (2048K)
 Metaspace       used 7544K, committed 7744K, reserved 1114112K
  class space    used 331K, committed 448K, reserved 1048576K
}
Event: 83.473 GC heap after
{Heap after GC invocations=24 (full 0):
 garbage-first heap   total 270336K, used 152603K [0x0000000703600000, 0x0000000800000000)
  region size 2048K, 1 young (2048K), 1 survivors (2048K)
 Metaspace       used 7544K, committed 7744K, reserved 1114112K
  class space    used 331K, committed 448K, reserved 1048576K
}

