# JRE version: OpenJDK Runtime Environment (19.0.2+7) (build 19.0.2+7-44)
# Java VM: OpenJDK 64-Bit Server VM (19.0.2+7-44, mixed mode, sharing, tiered, compressed oops, compressed class ptrs, g1 gc, windows-amd64)
GC Precious Log:
 CardTable entry size: 512
 Card Set container configuration: InlinePtr #cards 4 size 8 Array Of Cards #cards 16 size 48 Howl #buckets 8 coarsen threshold 3686 Howl Bitmap #cards 512 size 80 coarsen threshold 460 Card regions per heap region 1 cards per card region 4096
 CPUs: 16 total, 16 available
 Memory: 16163M
 Large Page Support: Disabled
 NUMA Support: Disabled
 Compressed Oops: Enabled (Zero based)
 Heap Region Size: 2M
 Heap Min Capacity: 8M
 Heap Initial Capacity: 254M
 Heap Max Capacity: 4042M
 Pre-touch: Disabled
 Parallel Workers: 13
 Concurrent Workers: 3
 Concurrent Refinement Workers: 13
 Periodic GC: Disabled
Heap:
 garbage-first heap   total 333824K, used 227492K [0x0000000703600000, 0x0000000800000000)
  region size 2048K, 55 young (112640K), 1 survivors (2048K)
 Metaspace       used 7763K, committed 7936K, reserved 1114112K
  class space    used 324K, committed 448K, reserved 1048576K
GC Heap History (20 events):
Event: 271.447 GC heap before
{Heap before GC invocations=31 (full 0):
 garbage-first heap   total 333824K, used 290058K [0x0000000703600000, 0x0000000800000000)
  region size 2048K, 85 young (174080K), 1 survivors (2048K)
 Metaspace       used 7761K, committed 7936K, reserved 1114112K
  class space    used 324K, committed 448K, reserved 1048576K
}
Event: 271.449 GC heap after
{Heap after GC invocations=32 (full 0):
 garbage-first heap   total 333824K, used 120148K [0x0000000703600000, 0x0000000800000000)
  region size 2048K, 1 young (2048K), 1 survivors (2048K)
 Metaspace       used 7761K, committed 7936K, reserved 1114112K
  class space    used 324K, committed 448K, reserved 1048576K
}
Event: 293.533 GC heap before
{Heap before GC invocations=33 (full 0):
 garbage-first heap   total 333824K, used 292180K [0x0000000703600000, 0x0000000800000000)
  region size 2048K, 85 young (174080K), 1 survivors (2048K)
 Metaspace       used 7762K, committed 7936K, reserved 1114112K
  class space    used 324K, committed 448K, reserved 1048576K
}
Event: 293.534 GC heap after
{Heap after GC invocations=34 (full 0):
 garbage-first heap   total 333824K, used 120151K [0x0000000703600000, 0x0000000800000000)
  region size 2048K, 1 young (2048K), 1 survivors (2048K)
 Metaspace       used 7762K, committed 7936K, reserved 1114112K
  class space    used 324K, committed 448K, reserved 1048576K
}
Event: 295.492 GC heap before
{Heap before GC invocations=34 (full 0):
 garbage-first heap   total 333824K, used 134487K [0x0000000703600000, 0x0000000800000000)
  region size 2048K, 8 young (16384K), 1 survivors (2048K)
 Metaspace       used 7762K, committed 7936K, reserved 1114112K
  class space    used 324K, committed 448K, reserved 1048576K
}
Event: 295.496 GC heap after
{Heap after GC invocations=35 (full 0):
 garbage-first heap   total 333824K, used 119462K [0x0000000703600000, 0x0000000800000000)
  region size 2048K, 1 young (2048K), 1 survivors (2048K)
 Metaspace       used 7762K, committed 7936K, reserved 1114112K
  class space    used 324K, committed 448K, reserved 1048576K
}
Event: 318.101 GC heap before
{Heap before GC invocations=35 (full 0):
 garbage-first heap   total 333824K, used 289446K [0x0000000703600000, 0x0000000800000000)
  region size 2048K, 85 young (174080K), 1 survivors (2048K)
 Metaspace       used 7763K, committed 7936K, reserved 1114112K
  class space    used 324K, committed 448K, reserved 1048576K
}
Event: 318.137 GC heap after
{Heap after GC invocations=36 (full 0):
 garbage-first heap   total 333824K, used 119564K [0x0000000703600000, 0x0000000800000000)
  region size 2048K, 1 young (2048K), 1 survivors (2048K)
 Metaspace       used 7763K, committed 7936K, reserved 1114112K
  class space    used 324K, committed 448K, reserved 1048576K
}
Event: 340.354 GC heap before
{Heap before GC invocations=37 (full 0):
 garbage-first heap   total 333824K, used 293644K [0x0000000703600000, 0x0000000800000000)
  region size 2048K, 86 young (176128K), 1 survivors (2048K)
 Metaspace       used 7763K, committed 7936K, reserved 1114112K
  class space    used 324K, committed 448K, reserved 1048576K
}
Event: 340.356 GC heap after
{Heap after GC invocations=38 (full 0):
 garbage-first heap   total 333824K, used 119599K [0x0000000703600000, 0x0000000800000000)
  region size 2048K, 1 young (2048K), 1 survivors (2048K)
 Metaspace       used 7763K, committed 7936K, reserved 1114112K
  class space    used 324K, committed 448K, reserved 1048576K
}
Event: 342.206 GC heap before
{Heap before GC invocations=38 (full 0):
 garbage-first heap   total 333824K, used 133935K [0x0000000703600000, 0x0000000800000000)
  region size 2048K, 8 young (16384K), 1 survivors (2048K)
 Metaspace       used 7763K, committed 7936K, reserved 1114112K
  class space    used 324K, committed 448K, reserved 1048576K
}
Event: 342.210 GC heap after
{Heap after GC invocations=39 (full 0):
 garbage-first heap   total 333824K, used 119091K [0x0000000703600000, 0x0000000800000000)
  region size 2048K, 1 young (2048K), 1 survivors (2048K)
 Metaspace       used 7763K, committed 7936K, reserved 1114112K
  class space    used 324K, committed 448K, reserved 1048576K
}
Event: 364.544 GC heap before
{Heap before GC invocations=39 (full 0):
 garbage-first heap   total 333824K, used 291123K [0x0000000703600000, 0x0000000800000000)
  region size 2048K, 86 young (176128K), 1 survivors (2048K)
 Metaspace       used 7763K, committed 7936K, reserved 1114112K
  class space    used 324K, committed 448K, reserved 1048576K
}
Event: 364.547 GC heap after
{Heap after GC invocations=40 (full 0):
 garbage-first heap   total 333824K, used 119227K [0x0000000703600000, 0x0000000800000000)
  region size 2048K, 1 young (2048K), 1 survivors (2048K)
 Metaspace       used 7763K, committed 7936K, reserved 1114112K
  class space    used 324K, committed 448K, reserved 1048576K
}
Event: 387.411 GC heap before
{Heap before GC invocations=41 (full 0):
 garbage-first heap   total 333824K, used 293307K [0x0000000703600000, 0x0000000800000000)
  region size 2048K, 86 young (176128K), 1 survivors (2048K)
 Metaspace       used 7763K, committed 7936K, reserved 1114112K
  class space    used 324K, committed 448K, reserved 1048576K
}
Event: 387.414 GC heap after
{Heap after GC invocations=42 (full 0):
 garbage-first heap   total 333824K, used 119245K [0x0000000703600000, 0x0000000800000000)
  region size 2048K, 1 young (2048K), 1 survivors (2048K)
 Metaspace       used 7763K, committed 7936K, reserved 1114112K
  class space    used 324K, committed 448K, reserved 1048576K
}
Event: 389.429 GC heap before
{Heap before GC invocations=42 (full 0):
 garbage-first heap   total 333824K, used 133581K [0x0000000703600000, 0x0000000800000000)
  region size 2048K, 8 young (16384K), 1 survivors (2048K)
 Metaspace       used 7763K, committed 7936K, reserved 1114112K
  class space    used 324K, committed 448K, reserved 1048576K
}
Event: 389.436 GC heap after
{Heap after GC invocations=43 (full 0):
 garbage-first heap   total 333824K, used 118766K [0x0000000703600000, 0x0000000800000000)
  region size 2048K, 1 young (2048K), 1 survivors (2048K)
 Metaspace       used 7763K, committed 7936K, reserved 1114112K
  class space    used 324K, committed 448K, reserved 1048576K
}
Event: 416.955 GC heap before
{Heap before GC invocations=43 (full 0):
 garbage-first heap   total 333824K, used 292846K [0x0000000703600000, 0x0000000800000000)
  region size 2048K, 87 young (178176K), 1 survivors (2048K)
 Metaspace       used 7763K, committed 7936K, reserved 1114112K
  class space    used 324K, committed 448K, reserved 1048576K
}
Event: 416.958 GC heap after
{Heap after GC invocations=44 (full 0):
 garbage-first heap   total 333824K, used 118948K [0x0000000703600000, 0x0000000800000000)
  region size 2048K, 1 young (2048K), 1 survivors (2048K)
 Metaspace       used 7763K, committed 7936K, reserved 1114112K
  class space    used 324K, committed 448K, reserved 1048576K
}

