# JRE version: OpenJDK Runtime Environment (19.0.2+7) (build 19.0.2+7-44)
# Java VM: OpenJDK 64-Bit Server VM (19.0.2+7-44, mixed mode, sharing, tiered, compressed oops, compressed class ptrs, g1 gc, windows-amd64)
GC Precious Log:
 CardTable entry size: 512
 Card Set container configuration: InlinePtr #cards 4 size 8 Array Of Cards #cards 16 size 48 Howl #buckets 8 coarsen threshold 3686 Howl Bitmap #cards 512 size 80 coarsen threshold 460 Card regions per heap region 1 cards per card region 4096
 CPUs: 16 total, 16 available
 Memory: 16163M
 Large Page Support: Disabled
 NUMA Support: Disabled
 Compressed Oops: Enabled (Zero based)
 Heap Region Size: 2M
 Heap Min Capacity: 8M
 Heap Initial Capacity: 254M
 Heap Max Capacity: 4042M
 Pre-touch: Disabled
 Parallel Workers: 13
 Concurrent Workers: 3
 Concurrent Refinement Workers: 13
 Periodic GC: Disabled
Heap:
 garbage-first heap   total 546816K, used 294372K [0x0000000703600000, 0x0000000800000000)
  region size 2048K, 49 young (100352K), 1 survivors (2048K)
 Metaspace       used 7735K, committed 7936K, reserved 1114112K
  class space    used 325K, committed 448K, reserved 1048576K
GC Heap History (20 events):
Event: 1.552 GC heap before
{Heap before GC invocations=1 (full 0):
 garbage-first heap   total 260096K, used 43112K [0x0000000703600000, 0x0000000800000000)
  region size 2048K, 18 young (36864K), 2 survivors (4096K)
 Metaspace       used 6673K, committed 6912K, reserved 1114112K
  class space    used 324K, committed 448K, reserved 1048576K
}
Event: 1.562 GC heap after
{Heap after GC invocations=2 (full 0):
 garbage-first heap   total 260096K, used 19198K [0x0000000703600000, 0x0000000800000000)
  region size 2048K, 3 young (6144K), 3 survivors (6144K)
 Metaspace       used 6673K, committed 6912K, reserved 1114112K
  class space    used 324K, committed 448K, reserved 1048576K
}
Event: 3.019 GC heap before
{Heap before GC invocations=2 (full 0):
 garbage-first heap   total 260096K, used 72446K [0x0000000703600000, 0x0000000800000000)
  region size 2048K, 24 young (49152K), 3 survivors (6144K)
 Metaspace       used 6797K, committed 7040K, reserved 1114112K
  class space    used 324K, committed 448K, reserved 1048576K
}
Event: 3.029 GC heap after
{Heap after GC invocations=3 (full 0):
 garbage-first heap   total 260096K, used 41369K [0x0000000703600000, 0x0000000800000000)
  region size 2048K, 3 young (6144K), 3 survivors (6144K)
 Metaspace       used 6797K, committed 7040K, reserved 1114112K
  class space    used 324K, committed 448K, reserved 1048576K
}
Event: 3.144 GC heap before
{Heap before GC invocations=3 (full 0):
 garbage-first heap   total 260096K, used 117145K [0x0000000703600000, 0x0000000800000000)
  region size 2048K, 26 young (53248K), 3 survivors (6144K)
 Metaspace       used 6797K, committed 7040K, reserved 1114112K
  class space    used 324K, committed 448K, reserved 1048576K
}
Event: 3.159 GC heap after
{Heap after GC invocations=4 (full 0):
 garbage-first heap   total 260096K, used 83968K [0x0000000703600000, 0x0000000800000000)
  region size 2048K, 4 young (8192K), 4 survivors (8192K)
 Metaspace       used 6797K, committed 7040K, reserved 1114112K
  class space    used 324K, committed 448K, reserved 1048576K
}
Event: 3.305 GC heap before
{Heap before GC invocations=4 (full 0):
 garbage-first heap   total 260096K, used 169984K [0x0000000703600000, 0x0000000800000000)
  region size 2048K, 29 young (59392K), 4 survivors (8192K)
 Metaspace       used 6797K, committed 7040K, reserved 1114112K
  class space    used 324K, committed 448K, reserved 1048576K
}
Event: 3.324 GC heap after
{Heap after GC invocations=5 (full 0):
 garbage-first heap   total 260096K, used 133120K [0x0000000703600000, 0x0000000800000000)
  region size 2048K, 4 young (8192K), 4 survivors (8192K)
 Metaspace       used 6797K, committed 7040K, reserved 1114112K
  class space    used 324K, committed 448K, reserved 1048576K
}
Event: 3.330 GC heap before
{Heap before GC invocations=5 (full 0):
 garbage-first heap   total 260096K, used 135168K [0x0000000703600000, 0x0000000800000000)
  region size 2048K, 7 young (14336K), 4 survivors (8192K)
 Metaspace       used 6797K, committed 7040K, reserved 1114112K
  class space    used 324K, committed 448K, reserved 1048576K
}
Event: 3.336 GC heap after
{Heap after GC invocations=6 (full 0):
 garbage-first heap   total 260096K, used 142116K [0x0000000703600000, 0x0000000800000000)
  region size 2048K, 3 young (6144K), 3 survivors (6144K)
 Metaspace       used 6797K, committed 7040K, reserved 1114112K
  class space    used 324K, committed 448K, reserved 1048576K
}
Event: 3.546 GC heap before
{Heap before GC invocations=7 (full 0):
 garbage-first heap   total 294912K, used 197412K [0x0000000703600000, 0x0000000800000000)
  region size 2048K, 19 young (38912K), 3 survivors (6144K)
 Metaspace       used 6798K, committed 7040K, reserved 1114112K
  class space    used 324K, committed 448K, reserved 1048576K
}
Event: 3.555 GC heap after
{Heap after GC invocations=8 (full 0):
 garbage-first heap   total 294912K, used 170454K [0x0000000703600000, 0x0000000800000000)
  region size 2048K, 3 young (6144K), 3 survivors (6144K)
 Metaspace       used 6798K, committed 7040K, reserved 1114112K
  class space    used 324K, committed 448K, reserved 1048576K
}
Event: 3.793 GC heap before
{Heap before GC invocations=8 (full 0):
 garbage-first heap   total 294912K, used 178646K [0x0000000703600000, 0x0000000800000000)
  region size 2048K, 7 young (14336K), 3 survivors (6144K)
 Metaspace       used 6800K, committed 7040K, reserved 1114112K
  class space    used 324K, committed 448K, reserved 1048576K
}
Event: 3.798 GC heap after
{Heap after GC invocations=9 (full 0):
 garbage-first heap   total 546816K, used 172610K [0x0000000703600000, 0x0000000800000000)
  region size 2048K, 1 young (2048K), 1 survivors (2048K)
 Metaspace       used 6800K, committed 7040K, reserved 1114112K
  class space    used 324K, committed 448K, reserved 1048576K
}
Event: 12.776 GC heap before
{Heap before GC invocations=9 (full 0):
 garbage-first heap   total 546816K, used 289346K [0x0000000703600000, 0x0000000800000000)
  region size 2048K, 53 young (108544K), 1 survivors (2048K)
 Metaspace       used 7730K, committed 7936K, reserved 1114112K
  class space    used 324K, committed 448K, reserved 1048576K
}
Event: 12.788 GC heap after
{Heap after GC invocations=10 (full 0):
 garbage-first heap   total 546816K, used 196608K [0x0000000703600000, 0x0000000800000000)
  region size 2048K, 7 young (14336K), 7 survivors (14336K)
 Metaspace       used 7730K, committed 7936K, reserved 1114112K
  class space    used 324K, committed 448K, reserved 1048576K
}
Event: 22.973 GC heap before
{Heap before GC invocations=10 (full 0):
 garbage-first heap   total 546816K, used 319488K [0x0000000703600000, 0x0000000800000000)
  region size 2048K, 67 young (137216K), 7 survivors (14336K)
 Metaspace       used 7732K, committed 7936K, reserved 1114112K
  class space    used 324K, committed 448K, reserved 1048576K
}
Event: 22.979 GC heap after
{Heap after GC invocations=11 (full 0):
 garbage-first heap   total 546816K, used 199582K [0x0000000703600000, 0x0000000800000000)
  region size 2048K, 1 young (2048K), 1 survivors (2048K)
 Metaspace       used 7732K, committed 7936K, reserved 1114112K
  class space    used 324K, committed 448K, reserved 1048576K
}
Event: 41.045 GC heap before
{Heap before GC invocations=11 (full 0):
 garbage-first heap   total 546816K, used 383902K [0x0000000703600000, 0x0000000800000000)
  region size 2048K, 91 young (186368K), 1 survivors (2048K)
 Metaspace       used 7732K, committed 7936K, reserved 1114112K
  class space    used 324K, committed 448K, reserved 1048576K
}
Event: 41.047 GC heap after
{Heap after GC invocations=12 (full 0):
 garbage-first heap   total 546816K, used 198116K [0x0000000703600000, 0x0000000800000000)
  region size 2048K, 1 young (2048K), 1 survivors (2048K)
 Metaspace       used 7732K, committed 7936K, reserved 1114112K
  class space    used 324K, committed 448K, reserved 1048576K
}

