# JRE version: OpenJDK Runtime Environment (19.0.2+7) (build 19.0.2+7-44)
# Java VM: OpenJDK 64-Bit Server VM (19.0.2+7-44, mixed mode, sharing, tiered, compressed oops, compressed class ptrs, g1 gc, windows-amd64)
GC Precious Log:
 CardTable entry size: 512
 Card Set container configuration: InlinePtr #cards 4 size 8 Array Of Cards #cards 16 size 48 Howl #buckets 8 coarsen threshold 3686 Howl Bitmap #cards 512 size 80 coarsen threshold 460 Card regions per heap region 1 cards per card region 4096
 CPUs: 16 total, 16 available
 Memory: 16163M
 Large Page Support: Disabled
 NUMA Support: Disabled
 Compressed Oops: Enabled (Zero based)
 Heap Region Size: 2M
 Heap Min Capacity: 8M
 Heap Initial Capacity: 254M
 Heap Max Capacity: 4042M
 Pre-touch: Disabled
 Parallel Workers: 13
 Concurrent Workers: 3
 Concurrent Refinement Workers: 13
 Periodic GC: Disabled
Heap:
 garbage-first heap   total 260096K, used 92084K [0x0000000703600000, 0x0000000800000000)
  region size 2048K, 15 young (30720K), 1 survivors (2048K)
 Metaspace       used 7753K, committed 7936K, reserved 1114112K
  class space    used 326K, committed 448K, reserved 1048576K
GC Heap History (14 events):
Event: 2.104 GC heap before
{Heap before GC invocations=0 (full 0):
 garbage-first heap   total 260096K, used 22528K [0x0000000703600000, 0x0000000800000000)
  region size 2048K, 11 young (22528K), 0 survivors (0K)
 Metaspace       used 6613K, committed 6848K, reserved 1114112K
  class space    used 325K, committed 448K, reserved 1048576K
}
Event: 2.110 GC heap after
{Heap after GC invocations=1 (full 0):
 garbage-first heap   total 260096K, used 4754K [0x0000000703600000, 0x0000000800000000)
  region size 2048K, 2 young (4096K), 2 survivors (4096K)
 Metaspace       used 6613K, committed 6848K, reserved 1114112K
  class space    used 325K, committed 448K, reserved 1048576K
}
Event: 2.837 GC heap before
{Heap before GC invocations=1 (full 0):
 garbage-first heap   total 260096K, used 33426K [0x0000000703600000, 0x0000000800000000)
  region size 2048K, 17 young (34816K), 2 survivors (4096K)
 Metaspace       used 6672K, committed 6912K, reserved 1114112K
  class space    used 325K, committed 448K, reserved 1048576K
}
Event: 2.845 GC heap after
{Heap after GC invocations=2 (full 0):
 garbage-first heap   total 260096K, used 16998K [0x0000000703600000, 0x0000000800000000)
  region size 2048K, 3 young (6144K), 3 survivors (6144K)
 Metaspace       used 6672K, committed 6912K, reserved 1114112K
  class space    used 325K, committed 448K, reserved 1048576K
}
Event: 4.999 GC heap before
{Heap before GC invocations=2 (full 0):
 garbage-first heap   total 260096K, used 80486K [0x0000000703600000, 0x0000000800000000)
  region size 2048K, 29 young (59392K), 3 survivors (6144K)
 Metaspace       used 6804K, committed 7040K, reserved 1114112K
  class space    used 325K, committed 448K, reserved 1048576K
}
Event: 5.008 GC heap after
{Heap after GC invocations=3 (full 0):
 garbage-first heap   total 260096K, used 39530K [0x0000000703600000, 0x0000000800000000)
  region size 2048K, 4 young (8192K), 4 survivors (8192K)
 Metaspace       used 6804K, committed 7040K, reserved 1114112K
  class space    used 325K, committed 448K, reserved 1048576K
}
Event: 7.218 GC heap before
{Heap before GC invocations=3 (full 0):
 garbage-first heap   total 260096K, used 100970K [0x0000000703600000, 0x0000000800000000)
  region size 2048K, 29 young (59392K), 4 survivors (8192K)
 Metaspace       used 7001K, committed 7232K, reserved 1114112K
  class space    used 325K, committed 448K, reserved 1048576K
}
Event: 7.233 GC heap after
{Heap after GC invocations=4 (full 0):
 garbage-first heap   total 260096K, used 63488K [0x0000000703600000, 0x0000000800000000)
  region size 2048K, 4 young (8192K), 4 survivors (8192K)
 Metaspace       used 7001K, committed 7232K, reserved 1114112K
  class space    used 325K, committed 448K, reserved 1048576K
}
Event: 9.076 GC heap before
{Heap before GC invocations=4 (full 0):
 garbage-first heap   total 260096K, used 122880K [0x0000000703600000, 0x0000000800000000)
  region size 2048K, 33 young (67584K), 4 survivors (8192K)
 Metaspace       used 7211K, committed 7424K, reserved 1114112K
  class space    used 325K, committed 448K, reserved 1048576K
}
Event: 9.080 GC heap after
{Heap after GC invocations=5 (full 0):
 garbage-first heap   total 260096K, used 66772K [0x0000000703600000, 0x0000000800000000)
  region size 2048K, 1 young (2048K), 1 survivors (2048K)
 Metaspace       used 7211K, committed 7424K, reserved 1114112K
  class space    used 325K, committed 448K, reserved 1048576K
}
Event: 12.189 GC heap before
{Heap before GC invocations=5 (full 0):
 garbage-first heap   total 260096K, used 187604K [0x0000000703600000, 0x0000000800000000)
  region size 2048K, 60 young (122880K), 1 survivors (2048K)
 Metaspace       used 7750K, committed 7936K, reserved 1114112K
  class space    used 325K, committed 448K, reserved 1048576K
}
Event: 12.190 GC heap after
{Heap after GC invocations=6 (full 0):
 garbage-first heap   total 260096K, used 65612K [0x0000000703600000, 0x0000000800000000)
  region size 2048K, 1 young (2048K), 1 survivors (2048K)
 Metaspace       used 7750K, committed 7936K, reserved 1114112K
  class space    used 325K, committed 448K, reserved 1048576K
}
Event: 20.727 GC heap before
{Heap before GC invocations=6 (full 0):
 garbage-first heap   total 260096K, used 198732K [0x0000000703600000, 0x0000000800000000)
  region size 2048K, 66 young (135168K), 1 survivors (2048K)
 Metaspace       used 7750K, committed 7936K, reserved 1114112K
  class space    used 325K, committed 448K, reserved 1048576K
}
Event: 20.728 GC heap after
{Heap after GC invocations=7 (full 0):
 garbage-first heap   total 260096K, used 65460K [0x0000000703600000, 0x0000000800000000)
  region size 2048K, 1 young (2048K), 1 survivors (2048K)
 Metaspace       used 7750K, committed 7936K, reserved 1114112K
  class space    used 325K, committed 448K, reserved 1048576K
}

