# JRE version: OpenJDK Runtime Environment (19.0.2+7) (build 19.0.2+7-44)
# Java VM: OpenJDK 64-Bit Server VM (19.0.2+7-44, mixed mode, sharing, tiered, compressed oops, compressed class ptrs, g1 gc, windows-amd64)
GC Precious Log:
 CardTable entry size: 512
 Card Set container configuration: InlinePtr #cards 4 size 8 Array Of Cards #cards 16 size 48 Howl #buckets 8 coarsen threshold 3686 Howl Bitmap #cards 512 size 80 coarsen threshold 460 Card regions per heap region 1 cards per card region 4096
 CPUs: 16 total, 16 available
 Memory: 16163M
 Large Page Support: Disabled
 NUMA Support: Disabled
 Compressed Oops: Enabled (Zero based)
 Heap Region Size: 2M
 Heap Min Capacity: 8M
 Heap Initial Capacity: 254M
 Heap Max Capacity: 4042M
 Pre-touch: Disabled
 Parallel Workers: 13
 Concurrent Workers: 3
 Concurrent Refinement Workers: 13
 Periodic GC: Disabled
Heap:
 garbage-first heap   total 313344K, used 119452K [0x0000000703600000, 0x0000000800000000)
  region size 2048K, 1 young (2048K), 1 survivors (2048K)
 Metaspace       used 7753K, committed 7936K, reserved 1114112K
  class space    used 326K, committed 448K, reserved 1048576K
GC Heap History (20 events):
Event: 285.863 GC heap after
{Heap after GC invocations=37 (full 0):
 garbage-first heap   total 313344K, used 120250K [0x0000000703600000, 0x0000000800000000)
  region size 2048K, 1 young (2048K), 1 survivors (2048K)
 Metaspace       used 7752K, committed 7936K, reserved 1114112K
  class space    used 326K, committed 448K, reserved 1048576K
}
Event: 287.630 GC heap before
{Heap before GC invocations=37 (full 0):
 garbage-first heap   total 313344K, used 132538K [0x0000000703600000, 0x0000000800000000)
  region size 2048K, 7 young (14336K), 1 survivors (2048K)
 Metaspace       used 7752K, committed 7936K, reserved 1114112K
  class space    used 326K, committed 448K, reserved 1048576K
}
Event: 287.636 GC heap after
{Heap after GC invocations=38 (full 0):
 garbage-first heap   total 313344K, used 119700K [0x0000000703600000, 0x0000000800000000)
  region size 2048K, 1 young (2048K), 1 survivors (2048K)
 Metaspace       used 7752K, committed 7936K, reserved 1114112K
  class space    used 326K, committed 448K, reserved 1048576K
}
Event: 310.302 GC heap before
{Heap before GC invocations=38 (full 0):
 garbage-first heap   total 313344K, used 273300K [0x0000000703600000, 0x0000000800000000)
  region size 2048K, 77 young (157696K), 1 survivors (2048K)
 Metaspace       used 7753K, committed 7936K, reserved 1114112K
  class space    used 326K, committed 448K, reserved 1048576K
}
Event: 310.305 GC heap after
{Heap after GC invocations=39 (full 0):
 garbage-first heap   total 313344K, used 119861K [0x0000000703600000, 0x0000000800000000)
  region size 2048K, 1 young (2048K), 1 survivors (2048K)
 Metaspace       used 7753K, committed 7936K, reserved 1114112K
  class space    used 326K, committed 448K, reserved 1048576K
}
Event: 333.349 GC heap before
{Heap before GC invocations=40 (full 0):
 garbage-first heap   total 313344K, used 275509K [0x0000000703600000, 0x0000000800000000)
  region size 2048K, 77 young (157696K), 1 survivors (2048K)
 Metaspace       used 7753K, committed 7936K, reserved 1114112K
  class space    used 326K, committed 448K, reserved 1048576K
}
Event: 333.351 GC heap after
{Heap after GC invocations=41 (full 0):
 garbage-first heap   total 313344K, used 119866K [0x0000000703600000, 0x0000000800000000)
  region size 2048K, 1 young (2048K), 1 survivors (2048K)
 Metaspace       used 7753K, committed 7936K, reserved 1114112K
  class space    used 326K, committed 448K, reserved 1048576K
}
Event: 335.177 GC heap before
{Heap before GC invocations=41 (full 0):
 garbage-first heap   total 313344K, used 132154K [0x0000000703600000, 0x0000000800000000)
  region size 2048K, 7 young (14336K), 1 survivors (2048K)
 Metaspace       used 7753K, committed 7936K, reserved 1114112K
  class space    used 326K, committed 448K, reserved 1048576K
}
Event: 335.179 GC heap after
{Heap after GC invocations=42 (full 0):
 garbage-first heap   total 313344K, used 119341K [0x0000000703600000, 0x0000000800000000)
  region size 2048K, 1 young (2048K), 1 survivors (2048K)
 Metaspace       used 7753K, committed 7936K, reserved 1114112K
  class space    used 326K, committed 448K, reserved 1048576K
}
Event: 358.112 GC heap before
{Heap before GC invocations=42 (full 0):
 garbage-first heap   total 313344K, used 274989K [0x0000000703600000, 0x0000000800000000)
  region size 2048K, 77 young (157696K), 1 survivors (2048K)
 Metaspace       used 7753K, committed 7936K, reserved 1114112K
  class space    used 326K, committed 448K, reserved 1048576K
}
Event: 358.118 GC heap after
{Heap after GC invocations=43 (full 0):
 garbage-first heap   total 313344K, used 119469K [0x0000000703600000, 0x0000000800000000)
  region size 2048K, 1 young (2048K), 1 survivors (2048K)
 Metaspace       used 7753K, committed 7936K, reserved 1114112K
  class space    used 326K, committed 448K, reserved 1048576K
}
Event: 381.322 GC heap before
{Heap before GC invocations=44 (full 0):
 garbage-first heap   total 313344K, used 275117K [0x0000000703600000, 0x0000000800000000)
  region size 2048K, 77 young (157696K), 1 survivors (2048K)
 Metaspace       used 7753K, committed 7936K, reserved 1114112K
  class space    used 326K, committed 448K, reserved 1048576K
}
Event: 381.323 GC heap after
{Heap after GC invocations=45 (full 0):
 garbage-first heap   total 313344K, used 119458K [0x0000000703600000, 0x0000000800000000)
  region size 2048K, 1 young (2048K), 1 survivors (2048K)
 Metaspace       used 7753K, committed 7936K, reserved 1114112K
  class space    used 326K, committed 448K, reserved 1048576K
}
Event: 404.699 GC heap before
{Heap before GC invocations=45 (full 0):
 garbage-first heap   total 313344K, used 275106K [0x0000000703600000, 0x0000000800000000)
  region size 2048K, 77 young (157696K), 1 survivors (2048K)
 Metaspace       used 7753K, committed 7936K, reserved 1114112K
  class space    used 326K, committed 448K, reserved 1048576K
}
Event: 404.701 GC heap after
{Heap after GC invocations=46 (full 0):
 garbage-first heap   total 313344K, used 119456K [0x0000000703600000, 0x0000000800000000)
  region size 2048K, 1 young (2048K), 1 survivors (2048K)
 Metaspace       used 7753K, committed 7936K, reserved 1114112K
  class space    used 326K, committed 448K, reserved 1048576K
}
Event: 428.043 GC heap before
{Heap before GC invocations=47 (full 0):
 garbage-first heap   total 313344K, used 275104K [0x0000000703600000, 0x0000000800000000)
  region size 2048K, 77 young (157696K), 1 survivors (2048K)
 Metaspace       used 7753K, committed 7936K, reserved 1114112K
  class space    used 326K, committed 448K, reserved 1048576K
}
Event: 428.047 GC heap after
{Heap after GC invocations=48 (full 0):
 garbage-first heap   total 313344K, used 119483K [0x0000000703600000, 0x0000000800000000)
  region size 2048K, 1 young (2048K), 1 survivors (2048K)
 Metaspace       used 7753K, committed 7936K, reserved 1114112K
  class space    used 326K, committed 448K, reserved 1048576K
}
Event: 455.568 GC heap before
{Heap before GC invocations=48 (full 0):
 garbage-first heap   total 313344K, used 275131K [0x0000000703600000, 0x0000000800000000)
  region size 2048K, 77 young (157696K), 1 survivors (2048K)
 Metaspace       used 7753K, committed 7936K, reserved 1114112K
  class space    used 326K, committed 448K, reserved 1048576K
}
Event: 455.575 GC heap after
{Heap after GC invocations=49 (full 0):
 garbage-first heap   total 313344K, used 119482K [0x0000000703600000, 0x0000000800000000)
  region size 2048K, 1 young (2048K), 1 survivors (2048K)
 Metaspace       used 7753K, committed 7936K, reserved 1114112K
  class space    used 326K, committed 448K, reserved 1048576K
}
Event: 478.904 GC heap before
{Heap before GC invocations=50 (full 0):
 garbage-first heap   total 313344K, used 275130K [0x0000000703600000, 0x0000000800000000)
  region size 2048K, 77 young (157696K), 1 survivors (2048K)
 Metaspace       used 7753K, committed 7936K, reserved 1114112K
  class space    used 326K, committed 448K, reserved 1048576K
}

