# JRE version: OpenJDK Runtime Environment (19.0.2+7) (build 19.0.2+7-44)
# Java VM: OpenJDK 64-Bit Server VM (19.0.2+7-44, mixed mode, sharing, tiered, compressed oops, compressed class ptrs, g1 gc, windows-amd64)
GC Precious Log:
 CardTable entry size: 512
 Card Set container configuration: InlinePtr #cards 4 size 8 Array Of Cards #cards 16 size 48 Howl #buckets 8 coarsen threshold 3686 Howl Bitmap #cards 512 size 80 coarsen threshold 460 Card regions per heap region 1 cards per card region 4096
 CPUs: 16 total, 16 available
 Memory: 16163M
 Large Page Support: Disabled
 NUMA Support: Disabled
 Compressed Oops: Enabled (Zero based)
 Heap Region Size: 2M
 Heap Min Capacity: 8M
 Heap Initial Capacity: 254M
 Heap Max Capacity: 4042M
 Pre-touch: Disabled
 Parallel Workers: 13
 Concurrent Workers: 3
 Concurrent Refinement Workers: 13
 Periodic GC: Disabled
Heap:
 garbage-first heap   total 260096K, used 92660K [0x0000000703600000, 0x0000000800000000)
  region size 2048K, 45 young (92160K), 1 survivors (2048K)
 Metaspace       used 7445K, committed 7680K, reserved 1114112K
  class space    used 333K, committed 448K, reserved 1048576K
GC Heap History (16 events):
Event: 1.342 GC heap before
{Heap before GC invocations=0 (full 0):
 garbage-first heap   total 260096K, used 22528K [0x0000000703600000, 0x0000000800000000)
  region size 2048K, 11 young (22528K), 0 survivors (0K)
 Metaspace       used 6599K, committed 6848K, reserved 1114112K
  class space    used 331K, committed 448K, reserved 1048576K
}
Event: 1.347 GC heap after
{Heap after GC invocations=1 (full 0):
 garbage-first heap   total 260096K, used 3883K [0x0000000703600000, 0x0000000800000000)
  region size 2048K, 2 young (4096K), 2 survivors (4096K)
 Metaspace       used 6599K, committed 6848K, reserved 1114112K
  class space    used 331K, committed 448K, reserved 1048576K
}
Event: 4.194 GC heap before
{Heap before GC invocations=1 (full 0):
 garbage-first heap   total 260096K, used 34603K [0x0000000703600000, 0x0000000800000000)
  region size 2048K, 18 young (36864K), 2 survivors (4096K)
 Metaspace       used 6939K, committed 7232K, reserved 1114112K
  class space    used 332K, committed 448K, reserved 1048576K
}
Event: 4.199 GC heap after
{Heap after GC invocations=2 (full 0):
 garbage-first heap   total 260096K, used 4792K [0x0000000703600000, 0x0000000800000000)
  region size 2048K, 1 young (2048K), 1 survivors (2048K)
 Metaspace       used 6939K, committed 7232K, reserved 1114112K
  class space    used 332K, committed 448K, reserved 1048576K
}
Event: 12.872 GC heap before
{Heap before GC invocations=2 (full 0):
 garbage-first heap   total 260096K, used 158392K [0x0000000703600000, 0x0000000800000000)
  region size 2048K, 76 young (155648K), 1 survivors (2048K)
 Metaspace       used 7440K, committed 7680K, reserved 1114112K
  class space    used 332K, committed 448K, reserved 1048576K
}
Event: 12.875 GC heap after
{Heap after GC invocations=3 (full 0):
 garbage-first heap   total 260096K, used 4665K [0x0000000703600000, 0x0000000800000000)
  region size 2048K, 1 young (2048K), 1 survivors (2048K)
 Metaspace       used 7440K, committed 7680K, reserved 1114112K
  class space    used 332K, committed 448K, reserved 1048576K
}
Event: 21.950 GC heap before
{Heap before GC invocations=3 (full 0):
 garbage-first heap   total 260096K, used 158265K [0x0000000703600000, 0x0000000800000000)
  region size 2048K, 76 young (155648K), 1 survivors (2048K)
 Metaspace       used 7442K, committed 7680K, reserved 1114112K
  class space    used 332K, committed 448K, reserved 1048576K
}
Event: 21.953 GC heap after
{Heap after GC invocations=4 (full 0):
 garbage-first heap   total 260096K, used 4648K [0x0000000703600000, 0x0000000800000000)
  region size 2048K, 1 young (2048K), 1 survivors (2048K)
 Metaspace       used 7442K, committed 7680K, reserved 1114112K
  class space    used 332K, committed 448K, reserved 1048576K
}
Event: 30.139 GC heap before
{Heap before GC invocations=4 (full 0):
 garbage-first heap   total 260096K, used 158248K [0x0000000703600000, 0x0000000800000000)
  region size 2048K, 76 young (155648K), 1 survivors (2048K)
 Metaspace       used 7442K, committed 7680K, reserved 1114112K
  class space    used 332K, committed 448K, reserved 1048576K
}
Event: 30.142 GC heap after
{Heap after GC invocations=5 (full 0):
 garbage-first heap   total 260096K, used 4605K [0x0000000703600000, 0x0000000800000000)
  region size 2048K, 1 young (2048K), 1 survivors (2048K)
 Metaspace       used 7442K, committed 7680K, reserved 1114112K
  class space    used 332K, committed 448K, reserved 1048576K
}
Event: 39.481 GC heap before
{Heap before GC invocations=5 (full 0):
 garbage-first heap   total 260096K, used 158205K [0x0000000703600000, 0x0000000800000000)
  region size 2048K, 76 young (155648K), 1 survivors (2048K)
 Metaspace       used 7442K, committed 7680K, reserved 1114112K
  class space    used 332K, committed 448K, reserved 1048576K
}
Event: 39.483 GC heap after
{Heap after GC invocations=6 (full 0):
 garbage-first heap   total 260096K, used 4580K [0x0000000703600000, 0x0000000800000000)
  region size 2048K, 1 young (2048K), 1 survivors (2048K)
 Metaspace       used 7442K, committed 7680K, reserved 1114112K
  class space    used 332K, committed 448K, reserved 1048576K
}
Event: 48.303 GC heap before
{Heap before GC invocations=6 (full 0):
 garbage-first heap   total 260096K, used 158180K [0x0000000703600000, 0x0000000800000000)
  region size 2048K, 76 young (155648K), 1 survivors (2048K)
 Metaspace       used 7442K, committed 7680K, reserved 1114112K
  class space    used 332K, committed 448K, reserved 1048576K
}
Event: 48.304 GC heap after
{Heap after GC invocations=7 (full 0):
 garbage-first heap   total 260096K, used 4560K [0x0000000703600000, 0x0000000800000000)
  region size 2048K, 1 young (2048K), 1 survivors (2048K)
 Metaspace       used 7442K, committed 7680K, reserved 1114112K
  class space    used 332K, committed 448K, reserved 1048576K
}
Event: 59.454 GC heap before
{Heap before GC invocations=7 (full 0):
 garbage-first heap   total 260096K, used 158160K [0x0000000703600000, 0x0000000800000000)
  region size 2048K, 76 young (155648K), 1 survivors (2048K)
 Metaspace       used 7442K, committed 7680K, reserved 1114112K
  class space    used 332K, committed 448K, reserved 1048576K
}
Event: 59.456 GC heap after
{Heap after GC invocations=8 (full 0):
 garbage-first heap   total 260096K, used 4596K [0x0000000703600000, 0x0000000800000000)
  region size 2048K, 1 young (2048K), 1 survivors (2048K)
 Metaspace       used 7442K, committed 7680K, reserved 1114112K
  class space    used 332K, committed 448K, reserved 1048576K
}

