# JRE version: OpenJDK Runtime Environment (19.0.2+7) (build 19.0.2+7-44)
# Java VM: OpenJDK 64-Bit Server VM (19.0.2+7-44, mixed mode, sharing, tiered, compressed oops, compressed class ptrs, g1 gc, windows-amd64)
GC Precious Log:
 CardTable entry size: 512
 Card Set container configuration: InlinePtr #cards 4 size 8 Array Of Cards #cards 16 size 48 Howl #buckets 8 coarsen threshold 3686 Howl Bitmap #cards 512 size 80 coarsen threshold 460 Card regions per heap region 1 cards per card region 4096
 CPUs: 16 total, 16 available
 Memory: 16163M
 Large Page Support: Disabled
 NUMA Support: Disabled
 Compressed Oops: Enabled (Zero based)
 Heap Region Size: 2M
 Heap Min Capacity: 8M
 Heap Initial Capacity: 254M
 Heap Max Capacity: 4042M
 Pre-touch: Disabled
 Parallel Workers: 13
 Concurrent Workers: 3
 Concurrent Refinement Workers: 13
 Periodic GC: Disabled
Heap:
 garbage-first heap   total 339968K, used 185361K [0x0000000703600000, 0x0000000800000000)
  region size 2048K, 15 young (30720K), 1 survivors (2048K)
 Metaspace       used 7567K, committed 7744K, reserved 1114112K
  class space    used 333K, committed 448K, reserved 1048576K
GC Heap History (16 events):
Event: 1.119 GC heap before
{Heap before GC invocations=0 (full 0):
 garbage-first heap   total 260096K, used 22528K [0x0000000703600000, 0x0000000800000000)
  region size 2048K, 11 young (22528K), 0 survivors (0K)
 Metaspace       used 6633K, committed 6848K, reserved 1114112K
  class space    used 331K, committed 448K, reserved 1048576K
}
Event: 1.124 GC heap after
{Heap after GC invocations=1 (full 0):
 garbage-first heap   total 260096K, used 4547K [0x0000000703600000, 0x0000000800000000)
  region size 2048K, 2 young (4096K), 2 survivors (4096K)
 Metaspace       used 6633K, committed 6848K, reserved 1114112K
  class space    used 331K, committed 448K, reserved 1048576K
}
Event: 2.699 GC heap before
{Heap before GC invocations=1 (full 0):
 garbage-first heap   total 260096K, used 37315K [0x0000000703600000, 0x0000000800000000)
  region size 2048K, 18 young (36864K), 2 survivors (4096K)
 Metaspace       used 6707K, committed 6976K, reserved 1114112K
  class space    used 332K, committed 448K, reserved 1048576K
}
Event: 2.710 GC heap after
{Heap after GC invocations=2 (full 0):
 garbage-first heap   total 260096K, used 19151K [0x0000000703600000, 0x0000000800000000)
  region size 2048K, 3 young (6144K), 3 survivors (6144K)
 Metaspace       used 6707K, committed 6976K, reserved 1114112K
  class space    used 332K, committed 448K, reserved 1048576K
}
Event: 3.361 GC heap before
{Heap before GC invocations=2 (full 0):
 garbage-first heap   total 260096K, used 105167K [0x0000000703600000, 0x0000000800000000)
  region size 2048K, 29 young (59392K), 3 survivors (6144K)
 Metaspace       used 6741K, committed 6976K, reserved 1114112K
  class space    used 332K, committed 448K, reserved 1048576K
}
Event: 3.382 GC heap after
{Heap after GC invocations=3 (full 0):
 garbage-first heap   total 260096K, used 64919K [0x0000000703600000, 0x0000000800000000)
  region size 2048K, 4 young (8192K), 4 survivors (8192K)
 Metaspace       used 6741K, committed 6976K, reserved 1114112K
  class space    used 332K, committed 448K, reserved 1048576K
}
Event: 3.623 GC heap before
{Heap before GC invocations=3 (full 0):
 garbage-first heap   total 260096K, used 128407K [0x0000000703600000, 0x0000000800000000)
  region size 2048K, 23 young (47104K), 4 survivors (8192K)
 Metaspace       used 6748K, committed 6976K, reserved 1114112K
  class space    used 332K, committed 448K, reserved 1048576K
}
Event: 3.641 GC heap after
{Heap after GC invocations=4 (full 0):
 garbage-first heap   total 260096K, used 103269K [0x0000000703600000, 0x0000000800000000)
  region size 2048K, 3 young (6144K), 3 survivors (6144K)
 Metaspace       used 6748K, committed 6976K, reserved 1114112K
  class space    used 332K, committed 448K, reserved 1048576K
}
Event: 3.807 GC heap before
{Heap before GC invocations=4 (full 0):
 garbage-first heap   total 260096K, used 146277K [0x0000000703600000, 0x0000000800000000)
  region size 2048K, 17 young (34816K), 3 survivors (6144K)
 Metaspace       used 6748K, committed 6976K, reserved 1114112K
  class space    used 332K, committed 448K, reserved 1048576K
}
Event: 3.821 GC heap after
{Heap after GC invocations=5 (full 0):
 garbage-first heap   total 260096K, used 129930K [0x0000000703600000, 0x0000000800000000)
  region size 2048K, 4 young (8192K), 4 survivors (8192K)
 Metaspace       used 6748K, committed 6976K, reserved 1114112K
  class space    used 332K, committed 448K, reserved 1048576K
}
Event: 4.716 GC heap before
{Heap before GC invocations=6 (full 0):
 garbage-first heap   total 260096K, used 187274K [0x0000000703600000, 0x0000000800000000)
  region size 2048K, 22 young (45056K), 4 survivors (8192K)
 Metaspace       used 6871K, committed 7040K, reserved 1114112K
  class space    used 332K, committed 448K, reserved 1048576K
}
Event: 4.733 GC heap after
{Heap after GC invocations=7 (full 0):
 garbage-first heap   total 260096K, used 157545K [0x0000000703600000, 0x0000000800000000)
  region size 2048K, 3 young (6144K), 3 survivors (6144K)
 Metaspace       used 6871K, committed 7040K, reserved 1114112K
  class space    used 332K, committed 448K, reserved 1048576K
}
Event: 5.689 GC heap before
{Heap before GC invocations=7 (full 0):
 garbage-first heap   total 260096K, used 163689K [0x0000000703600000, 0x0000000800000000)
  region size 2048K, 6 young (12288K), 3 survivors (6144K)
 Metaspace       used 6880K, committed 7040K, reserved 1114112K
  class space    used 332K, committed 448K, reserved 1048576K
}
Event: 5.695 GC heap after
{Heap after GC invocations=8 (full 0):
 garbage-first heap   total 339968K, used 159055K [0x0000000703600000, 0x0000000800000000)
  region size 2048K, 1 young (2048K), 1 survivors (2048K)
 Metaspace       used 6880K, committed 7040K, reserved 1114112K
  class space    used 332K, committed 448K, reserved 1048576K
}
Event: 12.064 GC heap before
{Heap before GC invocations=8 (full 0):
 garbage-first heap   total 339968K, used 214351K [0x0000000703600000, 0x0000000800000000)
  region size 2048K, 28 young (57344K), 1 survivors (2048K)
 Metaspace       used 7562K, committed 7744K, reserved 1114112K
  class space    used 332K, committed 448K, reserved 1048576K
}
Event: 12.066 GC heap after
{Heap after GC invocations=9 (full 0):
 garbage-first heap   total 339968K, used 158737K [0x0000000703600000, 0x0000000800000000)
  region size 2048K, 1 young (2048K), 1 survivors (2048K)
 Metaspace       used 7562K, committed 7744K, reserved 1114112K
  class space    used 332K, committed 448K, reserved 1048576K
}

