# JRE version: OpenJDK Runtime Environment (19.0.2+7) (build 19.0.2+7-44)
# Java VM: OpenJDK 64-Bit Server VM (19.0.2+7-44, mixed mode, sharing, tiered, compressed oops, compressed class ptrs, g1 gc, windows-amd64)
GC Precious Log:
 CardTable entry size: 512
 Card Set container configuration: InlinePtr #cards 4 size 8 Array Of Cards #cards 16 size 48 Howl #buckets 8 coarsen threshold 3686 Howl Bitmap #cards 512 size 80 coarsen threshold 460 Card regions per heap region 1 cards per card region 4096
 CPUs: 16 total, 16 available
 Memory: 16163M
 Large Page Support: Disabled
 NUMA Support: Disabled
 Compressed Oops: Enabled (Zero based)
 Heap Region Size: 2M
 Heap Min Capacity: 8M
 Heap Initial Capacity: 254M
 Heap Max Capacity: 4042M
 Pre-touch: Disabled
 Parallel Workers: 13
 Concurrent Workers: 3
 Concurrent Refinement Workers: 13
 Periodic GC: Disabled
Heap:
 garbage-first heap   total 260096K, used 107866K [0x0000000703600000, 0x0000000800000000)
  region size 2048K, 49 young (100352K), 1 survivors (2048K)
 Metaspace       used 7424K, committed 7680K, reserved 1114112K
  class space    used 333K, committed 448K, reserved 1048576K
GC Heap History (14 events):
Event: 1.295 GC heap before
{Heap before GC invocations=0 (full 0):
 garbage-first heap   total 260096K, used 22528K [0x0000000703600000, 0x0000000800000000)
  region size 2048K, 11 young (22528K), 0 survivors (0K)
 Metaspace       used 6590K, committed 6784K, reserved 1114112K
  class space    used 330K, committed 448K, reserved 1048576K
}
Event: 1.301 GC heap after
{Heap after GC invocations=1 (full 0):
 garbage-first heap   total 260096K, used 4620K [0x0000000703600000, 0x0000000800000000)
  region size 2048K, 2 young (4096K), 2 survivors (4096K)
 Metaspace       used 6590K, committed 6784K, reserved 1114112K
  class space    used 330K, committed 448K, reserved 1048576K
}
Event: 3.918 GC heap before
{Heap before GC invocations=1 (full 0):
 garbage-first heap   total 260096K, used 35340K [0x0000000703600000, 0x0000000800000000)
  region size 2048K, 17 young (34816K), 2 survivors (4096K)
 Metaspace       used 6762K, committed 6976K, reserved 1114112K
  class space    used 332K, committed 448K, reserved 1048576K
}
Event: 3.925 GC heap after
{Heap after GC invocations=2 (full 0):
 garbage-first heap   total 260096K, used 11009K [0x0000000703600000, 0x0000000800000000)
  region size 2048K, 3 young (6144K), 3 survivors (6144K)
 Metaspace       used 6762K, committed 6976K, reserved 1114112K
  class space    used 332K, committed 448K, reserved 1048576K
}
Event: 7.559 GC heap before
{Heap before GC invocations=2 (full 0):
 garbage-first heap   total 260096K, used 68353K [0x0000000703600000, 0x0000000800000000)
  region size 2048K, 31 young (63488K), 3 survivors (6144K)
 Metaspace       used 7201K, committed 7424K, reserved 1114112K
  class space    used 332K, committed 448K, reserved 1048576K
}
Event: 7.564 GC heap after
{Heap after GC invocations=3 (full 0):
 garbage-first heap   total 260096K, used 12361K [0x0000000703600000, 0x0000000800000000)
  region size 2048K, 1 young (2048K), 1 survivors (2048K)
 Metaspace       used 7201K, committed 7424K, reserved 1114112K
  class space    used 332K, committed 448K, reserved 1048576K
}
Event: 19.636 GC heap before
{Heap before GC invocations=3 (full 0):
 garbage-first heap   total 260096K, used 165961K [0x0000000703600000, 0x0000000800000000)
  region size 2048K, 76 young (155648K), 1 survivors (2048K)
 Metaspace       used 7421K, committed 7680K, reserved 1114112K
  class space    used 332K, committed 448K, reserved 1048576K
}
Event: 19.640 GC heap after
{Heap after GC invocations=4 (full 0):
 garbage-first heap   total 260096K, used 11659K [0x0000000703600000, 0x0000000800000000)
  region size 2048K, 1 young (2048K), 1 survivors (2048K)
 Metaspace       used 7421K, committed 7680K, reserved 1114112K
  class space    used 332K, committed 448K, reserved 1048576K
}
Event: 31.864 GC heap before
{Heap before GC invocations=4 (full 0):
 garbage-first heap   total 260096K, used 165259K [0x0000000703600000, 0x0000000800000000)
  region size 2048K, 76 young (155648K), 1 survivors (2048K)
 Metaspace       used 7421K, committed 7680K, reserved 1114112K
  class space    used 332K, committed 448K, reserved 1048576K
}
Event: 31.865 GC heap after
{Heap after GC invocations=5 (full 0):
 garbage-first heap   total 260096K, used 11617K [0x0000000703600000, 0x0000000800000000)
  region size 2048K, 1 young (2048K), 1 survivors (2048K)
 Metaspace       used 7421K, committed 7680K, reserved 1114112K
  class space    used 332K, committed 448K, reserved 1048576K
}
Event: 44.299 GC heap before
{Heap before GC invocations=5 (full 0):
 garbage-first heap   total 260096K, used 165217K [0x0000000703600000, 0x0000000800000000)
  region size 2048K, 76 young (155648K), 1 survivors (2048K)
 Metaspace       used 7421K, committed 7680K, reserved 1114112K
  class space    used 332K, committed 448K, reserved 1048576K
}
Event: 44.301 GC heap after
{Heap after GC invocations=6 (full 0):
 garbage-first heap   total 260096K, used 11601K [0x0000000703600000, 0x0000000800000000)
  region size 2048K, 1 young (2048K), 1 survivors (2048K)
 Metaspace       used 7421K, committed 7680K, reserved 1114112K
  class space    used 332K, committed 448K, reserved 1048576K
}
Event: 56.663 GC heap before
{Heap before GC invocations=6 (full 0):
 garbage-first heap   total 260096K, used 165201K [0x0000000703600000, 0x0000000800000000)
  region size 2048K, 76 young (155648K), 1 survivors (2048K)
 Metaspace       used 7421K, committed 7680K, reserved 1114112K
  class space    used 332K, committed 448K, reserved 1048576K
}
Event: 56.664 GC heap after
{Heap after GC invocations=7 (full 0):
 garbage-first heap   total 260096K, used 11610K [0x0000000703600000, 0x0000000800000000)
  region size 2048K, 1 young (2048K), 1 survivors (2048K)
 Metaspace       used 7421K, committed 7680K, reserved 1114112K
  class space    used 332K, committed 448K, reserved 1048576K
}

