# JRE version: OpenJDK Runtime Environment (19.0.2+7) (build 19.0.2+7-44)
# Java VM: OpenJDK 64-Bit Server VM (19.0.2+7-44, mixed mode, sharing, tiered, compressed oops, compressed class ptrs, g1 gc, windows-amd64)
GC Precious Log:
 CardTable entry size: 512
 Card Set container configuration: InlinePtr #cards 4 size 8 Array Of Cards #cards 16 size 48 Howl #buckets 8 coarsen threshold 3686 Howl Bitmap #cards 512 size 80 coarsen threshold 460 Card regions per heap region 1 cards per card region 4096
 CPUs: 16 total, 16 available
 Memory: 16163M
 Large Page Support: Disabled
 NUMA Support: Disabled
 Compressed Oops: Enabled (Zero based)
 Heap Region Size: 2M
 Heap Min Capacity: 8M
 Heap Initial Capacity: 254M
 Heap Max Capacity: 4042M
 Pre-touch: Disabled
 Parallel Workers: 13
 Concurrent Workers: 3
 Concurrent Refinement Workers: 13
 Periodic GC: Disabled
Heap:
 garbage-first heap   total 331776K, used 156354K [0x0000000703600000, 0x0000000800000000)
  region size 2048K, 17 young (34816K), 1 survivors (2048K)
 Metaspace       used 7763K, committed 7936K, reserved 1114112K
  class space    used 324K, committed 448K, reserved 1048576K
GC Heap History (20 events):
Event: 258.660 GC heap before
{Heap before GC invocations=21 (full 0):
 garbage-first heap   total 331776K, used 289454K [0x0000000703600000, 0x0000000800000000)
  region size 2048K, 81 young (165888K), 1 survivors (2048K)
 Metaspace       used 7763K, committed 7936K, reserved 1114112K
  class space    used 324K, committed 448K, reserved 1048576K
}
Event: 258.663 GC heap after
{Heap after GC invocations=22 (full 0):
 garbage-first heap   total 331776K, used 125623K [0x0000000703600000, 0x0000000800000000)
  region size 2048K, 1 young (2048K), 1 survivors (2048K)
 Metaspace       used 7763K, committed 7936K, reserved 1114112K
  class space    used 324K, committed 448K, reserved 1048576K
}
Event: 279.028 GC heap before
{Heap before GC invocations=22 (full 0):
 garbage-first heap   total 331776K, used 289463K [0x0000000703600000, 0x0000000800000000)
  region size 2048K, 81 young (165888K), 1 survivors (2048K)
 Metaspace       used 7763K, committed 7936K, reserved 1114112K
  class space    used 324K, committed 448K, reserved 1048576K
}
Event: 279.030 GC heap after
{Heap after GC invocations=23 (full 0):
 garbage-first heap   total 331776K, used 125629K [0x0000000703600000, 0x0000000800000000)
  region size 2048K, 1 young (2048K), 1 survivors (2048K)
 Metaspace       used 7763K, committed 7936K, reserved 1114112K
  class space    used 324K, committed 448K, reserved 1048576K
}
Event: 299.806 GC heap before
{Heap before GC invocations=23 (full 0):
 garbage-first heap   total 331776K, used 289469K [0x0000000703600000, 0x0000000800000000)
  region size 2048K, 81 young (165888K), 1 survivors (2048K)
 Metaspace       used 7763K, committed 7936K, reserved 1114112K
  class space    used 324K, committed 448K, reserved 1048576K
}
Event: 299.809 GC heap after
{Heap after GC invocations=24 (full 0):
 garbage-first heap   total 331776K, used 125641K [0x0000000703600000, 0x0000000800000000)
  region size 2048K, 1 young (2048K), 1 survivors (2048K)
 Metaspace       used 7763K, committed 7936K, reserved 1114112K
  class space    used 324K, committed 448K, reserved 1048576K
}
Event: 319.995 GC heap before
{Heap before GC invocations=24 (full 0):
 garbage-first heap   total 331776K, used 289481K [0x0000000703600000, 0x0000000800000000)
  region size 2048K, 81 young (165888K), 1 survivors (2048K)
 Metaspace       used 7763K, committed 7936K, reserved 1114112K
  class space    used 324K, committed 448K, reserved 1048576K
}
Event: 319.997 GC heap after
{Heap after GC invocations=25 (full 0):
 garbage-first heap   total 331776K, used 125629K [0x0000000703600000, 0x0000000800000000)
  region size 2048K, 1 young (2048K), 1 survivors (2048K)
 Metaspace       used 7763K, committed 7936K, reserved 1114112K
  class space    used 324K, committed 448K, reserved 1048576K
}
Event: 340.233 GC heap before
{Heap before GC invocations=25 (full 0):
 garbage-first heap   total 331776K, used 291517K [0x0000000703600000, 0x0000000800000000)
  region size 2048K, 82 young (167936K), 1 survivors (2048K)
 Metaspace       used 7763K, committed 7936K, reserved 1114112K
  class space    used 324K, committed 448K, reserved 1048576K
}
Event: 340.235 GC heap after
{Heap after GC invocations=26 (full 0):
 garbage-first heap   total 331776K, used 125611K [0x0000000703600000, 0x0000000800000000)
  region size 2048K, 1 young (2048K), 1 survivors (2048K)
 Metaspace       used 7763K, committed 7936K, reserved 1114112K
  class space    used 324K, committed 448K, reserved 1048576K
}
Event: 360.373 GC heap before
{Heap before GC invocations=26 (full 0):
 garbage-first heap   total 331776K, used 291499K [0x0000000703600000, 0x0000000800000000)
  region size 2048K, 82 young (167936K), 1 survivors (2048K)
 Metaspace       used 7763K, committed 7936K, reserved 1114112K
  class space    used 324K, committed 448K, reserved 1048576K
}
Event: 360.375 GC heap after
{Heap after GC invocations=27 (full 0):
 garbage-first heap   total 331776K, used 125637K [0x0000000703600000, 0x0000000800000000)
  region size 2048K, 1 young (2048K), 1 survivors (2048K)
 Metaspace       used 7763K, committed 7936K, reserved 1114112K
  class space    used 324K, committed 448K, reserved 1048576K
}
Event: 384.710 GC heap before
{Heap before GC invocations=27 (full 0):
 garbage-first heap   total 331776K, used 291525K [0x0000000703600000, 0x0000000800000000)
  region size 2048K, 82 young (167936K), 1 survivors (2048K)
 Metaspace       used 7763K, committed 7936K, reserved 1114112K
  class space    used 324K, committed 448K, reserved 1048576K
}
Event: 384.712 GC heap after
{Heap after GC invocations=28 (full 0):
 garbage-first heap   total 331776K, used 125617K [0x0000000703600000, 0x0000000800000000)
  region size 2048K, 1 young (2048K), 1 survivors (2048K)
 Metaspace       used 7763K, committed 7936K, reserved 1114112K
  class space    used 324K, committed 448K, reserved 1048576K
}
Event: 405.627 GC heap before
{Heap before GC invocations=28 (full 0):
 garbage-first heap   total 331776K, used 291505K [0x0000000703600000, 0x0000000800000000)
  region size 2048K, 82 young (167936K), 1 survivors (2048K)
 Metaspace       used 7763K, committed 7936K, reserved 1114112K
  class space    used 324K, committed 448K, reserved 1048576K
}
Event: 405.628 GC heap after
{Heap after GC invocations=29 (full 0):
 garbage-first heap   total 331776K, used 125648K [0x0000000703600000, 0x0000000800000000)
  region size 2048K, 1 young (2048K), 1 survivors (2048K)
 Metaspace       used 7763K, committed 7936K, reserved 1114112K
  class space    used 324K, committed 448K, reserved 1048576K
}
Event: 432.830 GC heap before
{Heap before GC invocations=29 (full 0):
 garbage-first heap   total 331776K, used 291536K [0x0000000703600000, 0x0000000800000000)
  region size 2048K, 82 young (167936K), 1 survivors (2048K)
 Metaspace       used 7763K, committed 7936K, reserved 1114112K
  class space    used 324K, committed 448K, reserved 1048576K
}
Event: 432.832 GC heap after
{Heap after GC invocations=30 (full 0):
 garbage-first heap   total 331776K, used 125612K [0x0000000703600000, 0x0000000800000000)
  region size 2048K, 1 young (2048K), 1 survivors (2048K)
 Metaspace       used 7763K, committed 7936K, reserved 1114112K
  class space    used 324K, committed 448K, reserved 1048576K
}
Event: 453.729 GC heap before
{Heap before GC invocations=30 (full 0):
 garbage-first heap   total 331776K, used 291500K [0x0000000703600000, 0x0000000800000000)
  region size 2048K, 82 young (167936K), 1 survivors (2048K)
 Metaspace       used 7763K, committed 7936K, reserved 1114112K
  class space    used 324K, committed 448K, reserved 1048576K
}
Event: 453.732 GC heap after
{Heap after GC invocations=31 (full 0):
 garbage-first heap   total 331776K, used 125634K [0x0000000703600000, 0x0000000800000000)
  region size 2048K, 1 young (2048K), 1 survivors (2048K)
 Metaspace       used 7763K, committed 7936K, reserved 1114112K
  class space    used 324K, committed 448K, reserved 1048576K
}

