# JRE version: OpenJDK Runtime Environment (19.0.2+7) (build 19.0.2+7-44)
# Java VM: OpenJDK 64-Bit Server VM (19.0.2+7-44, mixed mode, sharing, tiered, compressed oops, compressed class ptrs, g1 gc, windows-amd64)
GC Precious Log:
 CardTable entry size: 512
 Card Set container configuration: InlinePtr #cards 4 size 8 Array Of Cards #cards 16 size 48 Howl #buckets 8 coarsen threshold 3686 Howl Bitmap #cards 512 size 80 coarsen threshold 460 Card regions per heap region 1 cards per card region 4096
 CPUs: 16 total, 16 available
 Memory: 16163M
 Large Page Support: Disabled
 NUMA Support: Disabled
 Compressed Oops: Enabled (Zero based)
 Heap Region Size: 2M
 Heap Min Capacity: 8M
 Heap Initial Capacity: 254M
 Heap Max Capacity: 4042M
 Pre-touch: Disabled
 Parallel Workers: 13
 Concurrent Workers: 3
 Concurrent Refinement Workers: 13
 Periodic GC: Disabled
Heap:
 garbage-first heap   total 260096K, used 149655K [0x0000000703600000, 0x0000000800000000)
  region size 2048K, 73 young (149504K), 1 survivors (2048K)
 Metaspace       used 7449K, committed 7680K, reserved 1114112K
  class space    used 333K, committed 448K, reserved 1048576K
GC Heap History (20 events):
Event: 101.431 GC heap before
{Heap before GC invocations=10 (full 0):
 garbage-first heap   total 260096K, used 157797K [0x0000000703600000, 0x0000000800000000)
  region size 2048K, 76 young (155648K), 1 survivors (2048K)
 Metaspace       used 7443K, committed 7680K, reserved 1114112K
  class space    used 332K, committed 448K, reserved 1048576K
}
Event: 101.433 GC heap after
{Heap after GC invocations=11 (full 0):
 garbage-first heap   total 260096K, used 4203K [0x0000000703600000, 0x0000000800000000)
  region size 2048K, 1 young (2048K), 1 survivors (2048K)
 Metaspace       used 7443K, committed 7680K, reserved 1114112K
  class space    used 332K, committed 448K, reserved 1048576K
}
Event: 114.260 GC heap before
{Heap before GC invocations=11 (full 0):
 garbage-first heap   total 260096K, used 157803K [0x0000000703600000, 0x0000000800000000)
  region size 2048K, 76 young (155648K), 1 survivors (2048K)
 Metaspace       used 7443K, committed 7680K, reserved 1114112K
  class space    used 332K, committed 448K, reserved 1048576K
}
Event: 114.263 GC heap after
{Heap after GC invocations=12 (full 0):
 garbage-first heap   total 260096K, used 4214K [0x0000000703600000, 0x0000000800000000)
  region size 2048K, 1 young (2048K), 1 survivors (2048K)
 Metaspace       used 7443K, committed 7680K, reserved 1114112K
  class space    used 332K, committed 448K, reserved 1048576K
}
Event: 126.885 GC heap before
{Heap before GC invocations=12 (full 0):
 garbage-first heap   total 260096K, used 157814K [0x0000000703600000, 0x0000000800000000)
  region size 2048K, 76 young (155648K), 1 survivors (2048K)
 Metaspace       used 7443K, committed 7680K, reserved 1114112K
  class space    used 332K, committed 448K, reserved 1048576K
}
Event: 126.887 GC heap after
{Heap after GC invocations=13 (full 0):
 garbage-first heap   total 260096K, used 4209K [0x0000000703600000, 0x0000000800000000)
  region size 2048K, 1 young (2048K), 1 survivors (2048K)
 Metaspace       used 7443K, committed 7680K, reserved 1114112K
  class space    used 332K, committed 448K, reserved 1048576K
}
Event: 139.514 GC heap before
{Heap before GC invocations=13 (full 0):
 garbage-first heap   total 260096K, used 157809K [0x0000000703600000, 0x0000000800000000)
  region size 2048K, 76 young (155648K), 1 survivors (2048K)
 Metaspace       used 7443K, committed 7680K, reserved 1114112K
  class space    used 332K, committed 448K, reserved 1048576K
}
Event: 139.517 GC heap after
{Heap after GC invocations=14 (full 0):
 garbage-first heap   total 260096K, used 4212K [0x0000000703600000, 0x0000000800000000)
  region size 2048K, 1 young (2048K), 1 survivors (2048K)
 Metaspace       used 7443K, committed 7680K, reserved 1114112K
  class space    used 332K, committed 448K, reserved 1048576K
}
Event: 152.156 GC heap before
{Heap before GC invocations=14 (full 0):
 garbage-first heap   total 260096K, used 157812K [0x0000000703600000, 0x0000000800000000)
  region size 2048K, 76 young (155648K), 1 survivors (2048K)
 Metaspace       used 7443K, committed 7680K, reserved 1114112K
  class space    used 332K, committed 448K, reserved 1048576K
}
Event: 152.159 GC heap after
{Heap after GC invocations=15 (full 0):
 garbage-first heap   total 260096K, used 4205K [0x0000000703600000, 0x0000000800000000)
  region size 2048K, 1 young (2048K), 1 survivors (2048K)
 Metaspace       used 7443K, committed 7680K, reserved 1114112K
  class space    used 332K, committed 448K, reserved 1048576K
}
Event: 164.599 GC heap before
{Heap before GC invocations=15 (full 0):
 garbage-first heap   total 260096K, used 157805K [0x0000000703600000, 0x0000000800000000)
  region size 2048K, 76 young (155648K), 1 survivors (2048K)
 Metaspace       used 7443K, committed 7680K, reserved 1114112K
  class space    used 332K, committed 448K, reserved 1048576K
}
Event: 164.600 GC heap after
{Heap after GC invocations=16 (full 0):
 garbage-first heap   total 260096K, used 4219K [0x0000000703600000, 0x0000000800000000)
  region size 2048K, 1 young (2048K), 1 survivors (2048K)
 Metaspace       used 7443K, committed 7680K, reserved 1114112K
  class space    used 332K, committed 448K, reserved 1048576K
}
Event: 177.823 GC heap before
{Heap before GC invocations=16 (full 0):
 garbage-first heap   total 260096K, used 157819K [0x0000000703600000, 0x0000000800000000)
  region size 2048K, 76 young (155648K), 1 survivors (2048K)
 Metaspace       used 7443K, committed 7680K, reserved 1114112K
  class space    used 332K, committed 448K, reserved 1048576K
}
Event: 177.824 GC heap after
{Heap after GC invocations=17 (full 0):
 garbage-first heap   total 260096K, used 4220K [0x0000000703600000, 0x0000000800000000)
  region size 2048K, 1 young (2048K), 1 survivors (2048K)
 Metaspace       used 7443K, committed 7680K, reserved 1114112K
  class space    used 332K, committed 448K, reserved 1048576K
}
Event: 190.398 GC heap before
{Heap before GC invocations=17 (full 0):
 garbage-first heap   total 260096K, used 157820K [0x0000000703600000, 0x0000000800000000)
  region size 2048K, 76 young (155648K), 1 survivors (2048K)
 Metaspace       used 7443K, committed 7680K, reserved 1114112K
  class space    used 332K, committed 448K, reserved 1048576K
}
Event: 190.400 GC heap after
{Heap after GC invocations=18 (full 0):
 garbage-first heap   total 260096K, used 4244K [0x0000000703600000, 0x0000000800000000)
  region size 2048K, 1 young (2048K), 1 survivors (2048K)
 Metaspace       used 7443K, committed 7680K, reserved 1114112K
  class space    used 332K, committed 448K, reserved 1048576K
}
Event: 203.325 GC heap before
{Heap before GC invocations=18 (full 0):
 garbage-first heap   total 260096K, used 157844K [0x0000000703600000, 0x0000000800000000)
  region size 2048K, 76 young (155648K), 1 survivors (2048K)
 Metaspace       used 7446K, committed 7680K, reserved 1114112K
  class space    used 332K, committed 448K, reserved 1048576K
}
Event: 203.327 GC heap after
{Heap after GC invocations=19 (full 0):
 garbage-first heap   total 260096K, used 4242K [0x0000000703600000, 0x0000000800000000)
  region size 2048K, 1 young (2048K), 1 survivors (2048K)
 Metaspace       used 7446K, committed 7680K, reserved 1114112K
  class space    used 332K, committed 448K, reserved 1048576K
}
Event: 216.125 GC heap before
{Heap before GC invocations=19 (full 0):
 garbage-first heap   total 260096K, used 157842K [0x0000000703600000, 0x0000000800000000)
  region size 2048K, 76 young (155648K), 1 survivors (2048K)
 Metaspace       used 7446K, committed 7680K, reserved 1114112K
  class space    used 332K, committed 448K, reserved 1048576K
}
Event: 216.127 GC heap after
{Heap after GC invocations=20 (full 0):
 garbage-first heap   total 260096K, used 4247K [0x0000000703600000, 0x0000000800000000)
  region size 2048K, 1 young (2048K), 1 survivors (2048K)
 Metaspace       used 7446K, committed 7680K, reserved 1114112K
  class space    used 332K, committed 448K, reserved 1048576K
}

