# JRE version: OpenJDK Runtime Environment (19.0.2+7) (build 19.0.2+7-44)
# Java VM: OpenJDK 64-Bit Server VM (19.0.2+7-44, mixed mode, sharing, tiered, compressed oops, compressed class ptrs, g1 gc, windows-amd64)
GC Precious Log:
 CardTable entry size: 512
 Card Set container configuration: InlinePtr #cards 4 size 8 Array Of Cards #cards 16 size 48 Howl #buckets 8 coarsen threshold 3686 Howl Bitmap #cards 512 size 80 coarsen threshold 460 Card regions per heap region 1 cards per card region 4096
 CPUs: 16 total, 16 available
 Memory: 16163M
 Large Page Support: Disabled
 NUMA Support: Disabled
 Compressed Oops: Enabled (Zero based)
 Heap Region Size: 2M
 Heap Min Capacity: 8M
 Heap Initial Capacity: 254M
 Heap Max Capacity: 4042M
 Pre-touch: Disabled
 Parallel Workers: 13
 Concurrent Workers: 3
 Concurrent Refinement Workers: 13
 Periodic GC: Disabled
Heap:
 garbage-first heap   total 260096K, used 69864K [0x0000000703600000, 0x0000000800000000)
  region size 2048K, 4 young (8192K), 1 survivors (2048K)
 Metaspace       used 7771K, committed 7936K, reserved 1114112K
  class space    used 326K, committed 448K, reserved 1048576K
GC Heap History (20 events):
Event: 72.896 GC heap before
{Heap before GC invocations=13 (full 0):
 garbage-first heap   total 260096K, used 219289K [0x0000000703600000, 0x0000000800000000)
  region size 2048K, 76 young (155648K), 1 survivors (2048K)
 Metaspace       used 7768K, committed 7936K, reserved 1114112K
  class space    used 325K, committed 448K, reserved 1048576K
}
Event: 72.898 GC heap after
{Heap after GC invocations=14 (full 0):
 garbage-first heap   total 260096K, used 65715K [0x0000000703600000, 0x0000000800000000)
  region size 2048K, 1 young (2048K), 1 survivors (2048K)
 Metaspace       used 7768K, committed 7936K, reserved 1114112K
  class space    used 325K, committed 448K, reserved 1048576K
}
Event: 77.690 GC heap before
{Heap before GC invocations=14 (full 0):
 garbage-first heap   total 260096K, used 219315K [0x0000000703600000, 0x0000000800000000)
  region size 2048K, 76 young (155648K), 1 survivors (2048K)
 Metaspace       used 7768K, committed 7936K, reserved 1114112K
  class space    used 325K, committed 448K, reserved 1048576K
}
Event: 77.692 GC heap after
{Heap after GC invocations=15 (full 0):
 garbage-first heap   total 260096K, used 65723K [0x0000000703600000, 0x0000000800000000)
  region size 2048K, 1 young (2048K), 1 survivors (2048K)
 Metaspace       used 7768K, committed 7936K, reserved 1114112K
  class space    used 325K, committed 448K, reserved 1048576K
}
Event: 87.482 GC heap before
{Heap before GC invocations=15 (full 0):
 garbage-first heap   total 260096K, used 219323K [0x0000000703600000, 0x0000000800000000)
  region size 2048K, 76 young (155648K), 1 survivors (2048K)
 Metaspace       used 7768K, committed 7936K, reserved 1114112K
  class space    used 325K, committed 448K, reserved 1048576K
}
Event: 87.484 GC heap after
{Heap after GC invocations=16 (full 0):
 garbage-first heap   total 260096K, used 65777K [0x0000000703600000, 0x0000000800000000)
  region size 2048K, 1 young (2048K), 1 survivors (2048K)
 Metaspace       used 7768K, committed 7936K, reserved 1114112K
  class space    used 325K, committed 448K, reserved 1048576K
}
Event: 101.179 GC heap before
{Heap before GC invocations=16 (full 0):
 garbage-first heap   total 260096K, used 219377K [0x0000000703600000, 0x0000000800000000)
  region size 2048K, 76 young (155648K), 1 survivors (2048K)
 Metaspace       used 7768K, committed 7936K, reserved 1114112K
  class space    used 325K, committed 448K, reserved 1048576K
}
Event: 101.181 GC heap after
{Heap after GC invocations=17 (full 0):
 garbage-first heap   total 260096K, used 65769K [0x0000000703600000, 0x0000000800000000)
  region size 2048K, 1 young (2048K), 1 survivors (2048K)
 Metaspace       used 7768K, committed 7936K, reserved 1114112K
  class space    used 325K, committed 448K, reserved 1048576K
}
Event: 115.015 GC heap before
{Heap before GC invocations=17 (full 0):
 garbage-first heap   total 260096K, used 219369K [0x0000000703600000, 0x0000000800000000)
  region size 2048K, 76 young (155648K), 1 survivors (2048K)
 Metaspace       used 7768K, committed 7936K, reserved 1114112K
  class space    used 325K, committed 448K, reserved 1048576K
}
Event: 115.018 GC heap after
{Heap after GC invocations=18 (full 0):
 garbage-first heap   total 260096K, used 65763K [0x0000000703600000, 0x0000000800000000)
  region size 2048K, 1 young (2048K), 1 survivors (2048K)
 Metaspace       used 7768K, committed 7936K, reserved 1114112K
  class space    used 325K, committed 448K, reserved 1048576K
}
Event: 123.034 GC heap before
{Heap before GC invocations=18 (full 0):
 garbage-first heap   total 260096K, used 219363K [0x0000000703600000, 0x0000000800000000)
  region size 2048K, 76 young (155648K), 1 survivors (2048K)
 Metaspace       used 7768K, committed 7936K, reserved 1114112K
  class space    used 325K, committed 448K, reserved 1048576K
}
Event: 123.036 GC heap after
{Heap after GC invocations=19 (full 0):
 garbage-first heap   total 260096K, used 65734K [0x0000000703600000, 0x0000000800000000)
  region size 2048K, 1 young (2048K), 1 survivors (2048K)
 Metaspace       used 7768K, committed 7936K, reserved 1114112K
  class space    used 325K, committed 448K, reserved 1048576K
}
Event: 129.814 GC heap before
{Heap before GC invocations=19 (full 0):
 garbage-first heap   total 260096K, used 219334K [0x0000000703600000, 0x0000000800000000)
  region size 2048K, 76 young (155648K), 1 survivors (2048K)
 Metaspace       used 7768K, committed 7936K, reserved 1114112K
  class space    used 325K, committed 448K, reserved 1048576K
}
Event: 129.823 GC heap after
{Heap after GC invocations=20 (full 0):
 garbage-first heap   total 260096K, used 65738K [0x0000000703600000, 0x0000000800000000)
  region size 2048K, 1 young (2048K), 1 survivors (2048K)
 Metaspace       used 7768K, committed 7936K, reserved 1114112K
  class space    used 325K, committed 448K, reserved 1048576K
}
Event: 136.940 GC heap before
{Heap before GC invocations=20 (full 0):
 garbage-first heap   total 260096K, used 219338K [0x0000000703600000, 0x0000000800000000)
  region size 2048K, 76 young (155648K), 1 survivors (2048K)
 Metaspace       used 7768K, committed 7936K, reserved 1114112K
  class space    used 325K, committed 448K, reserved 1048576K
}
Event: 136.946 GC heap after
{Heap after GC invocations=21 (full 0):
 garbage-first heap   total 260096K, used 65691K [0x0000000703600000, 0x0000000800000000)
  region size 2048K, 1 young (2048K), 1 survivors (2048K)
 Metaspace       used 7768K, committed 7936K, reserved 1114112K
  class space    used 325K, committed 448K, reserved 1048576K
}
Event: 145.702 GC heap before
{Heap before GC invocations=21 (full 0):
 garbage-first heap   total 260096K, used 219291K [0x0000000703600000, 0x0000000800000000)
  region size 2048K, 76 young (155648K), 1 survivors (2048K)
 Metaspace       used 7768K, committed 7936K, reserved 1114112K
  class space    used 325K, committed 448K, reserved 1048576K
}
Event: 145.704 GC heap after
{Heap after GC invocations=22 (full 0):
 garbage-first heap   total 260096K, used 65751K [0x0000000703600000, 0x0000000800000000)
  region size 2048K, 1 young (2048K), 1 survivors (2048K)
 Metaspace       used 7768K, committed 7936K, reserved 1114112K
  class space    used 325K, committed 448K, reserved 1048576K
}
Event: 161.421 GC heap before
{Heap before GC invocations=22 (full 0):
 garbage-first heap   total 260096K, used 219351K [0x0000000703600000, 0x0000000800000000)
  region size 2048K, 76 young (155648K), 1 survivors (2048K)
 Metaspace       used 7768K, committed 7936K, reserved 1114112K
  class space    used 325K, committed 448K, reserved 1048576K
}
Event: 161.422 GC heap after
{Heap after GC invocations=23 (full 0):
 garbage-first heap   total 260096K, used 65768K [0x0000000703600000, 0x0000000800000000)
  region size 2048K, 1 young (2048K), 1 survivors (2048K)
 Metaspace       used 7768K, committed 7936K, reserved 1114112K
  class space    used 325K, committed 448K, reserved 1048576K
}

